This file contains any messages produced by compilers while
running configure, to aid debugging if configure makes a mistake.

configure:556: checking for a BSD compatible install
configure:609: checking whether build environment is sane
configure:666: checking whether make sets ${MAKE}
configure:712: checking for working aclocal
configure:725: checking for working autoconf
configure:738: checking for working automake
configure:751: checking for working autoheader
configure:764: checking for working makeinfo
configure:781: checking for gcc
configure:894: checking whether the C compiler (gcc  ) works
configure:910: gcc -o conftest    conftest.c  1>&5
configure:936: checking whether the C compiler (gcc  ) is a cross-compiler
configure:941: checking whether we are using GNU C
configure:950: gcc -E conftest.c
configure:969: checking whether gcc accepts -g
configure:1001: checking for POSIXized ISC
configure:1024: checking how to run the C preprocessor
configure:1045: gcc -E  conftest.c >/dev/null 2>conftest.out
configure:1104: checking for ANSI C header files
configure:1117: gcc -E  conftest.c >/dev/null 2>conftest.out
configure:1184: gcc -o conftest -g -O2   conftest.c  1>&5
configure: In function 'main':
configure:1179:67: warning: incompatible implicit declaration of built-in function 'exit'
 if (XOR (islower (i), ISLOWER (i)) || toupper (i) != TOUPPER (i)) exit(2);
                                                                   ^
configure:1211: checking for fcntl.h
configure:1221: gcc -E  conftest.c >/dev/null 2>conftest.out
configure:1211: checking for unistd.h
configure:1221: gcc -E  conftest.c >/dev/null 2>conftest.out
configure:1211: checking for stdio.h
configure:1221: gcc -E  conftest.c >/dev/null 2>conftest.out
configure:1211: checking for string.h
configure:1221: gcc -E  conftest.c >/dev/null 2>conftest.out
configure:1211: checking for stdlib.h
configure:1221: gcc -E  conftest.c >/dev/null 2>conftest.out
configure:1211: checking for errno.h
configure:1221: gcc -E  conftest.c >/dev/null 2>conftest.out
configure:1211: checking for termios.h
configure:1221: gcc -E  conftest.c >/dev/null 2>conftest.out
configure:1211: checking for sys/types.h
configure:1221: gcc -E  conftest.c >/dev/null 2>conftest.out
configure:1211: checking for sys/stat.h
configure:1221: gcc -E  conftest.c >/dev/null 2>conftest.out
configure:1252: checking for atoi
configure:1280: gcc -o conftest -g -O2   conftest.c  1>&5
configure:1252: checking for strlen
configure:1280: gcc -o conftest -g -O2   conftest.c  1>&5
configure:1264:6: warning: conflicting types for built-in function 'strlen'
 char $ac_func();
      ^
